
Mime not found: text/plain for php_error.log
Mime not found: text/html for sql.log
Mime not found: text/rtf for defendtheweb.rtf
Mime not found: text/plain for access.txt
Mime not found: text/plain for access.txt
Mime not found: text/x-php for index.php
Mime not found: text/x-php for index.php
Mime not found: text/plain for .gitignore
Mime not found: text/plain for README.md
Mime not found: text/x-php for serverExplorer.php
Mime not found: text/plain for .gitignore
Mime not found: text/x-php for serverExplorer.php
Mime not found: text/plain for README.md
Mime not found: text/plain for COMMIT_EDITMSG
Mime not found: text/plain for FETCH_HEAD
Mime not found: text/plain for HEAD
Mime not found: text/plain for ORIG_HEAD
Mime not found: text/plain for config
Mime not found: text/plain for description
Mime not found: application/octet-stream for index
Mime not found: text/plain for .gitignore
Mime not found: text/plain for README.md
Mime not found: text/x-php for serverExplorer.php
Mime not found: text/plain for .gitignore
Mime not found: text/plain for README.md
Mime not found: text/x-php for serverExplorer.php
Mime not found: text/rtf for defendtheweb.rtf
Mime not found: text/plain for README.md
Mime not found: text/x-php for index.php
Mime not found: text/rtf for defendtheweb.rtf
Mime not found: text/plain for authorized_keys
Mime not found: text/plain for cronjob_iClRziRYGf
Mime not found: text/x-php for search.php
Mime not found: text/html for default.php
Mime not found: text/html for index.html
Mime not found: text/x-php for addToQueue.php
Mime not found: text/x-php for doNotIndex.php
Mime not found: text/x-php for parse.php
Mime not found: text/x-php for processIndexQueue.php
Mime not found: text/html for default.php
Mime not found: text/html for index.html
Mime not found: text/x-php for search.php
Mime not found: text/html for default.php
Mime not found: text/html for index.html
Mime not found: text/x-php for search.php
Mime not found: text/html for index.php
Mime not found: text/html for default.php
Mime not found: text/html for index.html
Mime not found: text/x-php for search.php
Mime not found: text/plain for sftp.json
Mime not found: text/rtf for defendtheweb.rtf
Mime not found: application/octet-stream for .DS_Store
Found: unknown for .localized | copy result: 1
Mime not found: image/png for serverExplorer.png
Mime not found: image/svg xml for serverExplorer.svg
Mime not found: application/octet-stream for .DS_Store
Mime not found: image/png for serverExplorer.png
Mime not found: image/svg xml for serverExplorer.svg
Mime not found: application/octet-stream for .DS_Store
Mime not found: image/svg xml for serverExplorer.svg
Mime not found: unreadable for .localized
Mime not found: image/png for serverExplorer.png
Mime not found: application/octet-stream for .DS_Store
Mime not found: unreadable for .localized
Mime not found: image/png for serverExplorer.png
Mime not found: image/svg xml for serverExplorer.svg
